INFO - 2024-05-10 03:39:54 --> Session: Class initialized using 'CodeIgniter\Session\Handlers\FileHandler' driver.
WARNING - 2024-05-10 03:39:54 --> [DEPRECATED] Creation of dynamic property App\Controllers\menuController::$session is deprecated in APPPATH/Controllers/menuController.php on line 29.
 1 SYSTEMPATH/CodeIgniter.php(913): App\Controllers\menuController->__construct()
 2 SYSTEMPATH/CodeIgniter.php(493): CodeIgniter\CodeIgniter->createController()
 3 SYSTEMPATH/CodeIgniter.php(361): CodeIgniter\CodeIgniter->handleRequest(null, Object(Config\Cache), false)
 4 FCPATH/index.php(79): CodeIgniter\CodeIgniter->run()
INFO - 2024-05-10 03:39:58 --> Session: Class initialized using 'CodeIgniter\Session\Handlers\FileHandler' driver.
WARNING - 2024-05-10 03:39:58 --> [DEPRECATED] Creation of dynamic property App\Controllers\menuController::$session is deprecated in APPPATH/Controllers/menuController.php on line 29.
 1 SYSTEMPATH/CodeIgniter.php(913): App\Controllers\menuController->__construct()
 2 SYSTEMPATH/CodeIgniter.php(493): CodeIgniter\CodeIgniter->createController()
 3 SYSTEMPATH/CodeIgniter.php(361): CodeIgniter\CodeIgniter->handleRequest(null, Object(Config\Cache), false)
 4 FCPATH/index.php(79): CodeIgniter\CodeIgniter->run()
CRITICAL - 2024-05-10 05:29:50 --> Error: Call to undefined method CodeIgniter\Database\MySQLi\Connection::select()
in APPPATH/Models/OrderModel.php on line 25.
 1 APPPATH/Controllers/menuController.php(343): App\Models\OrderModel->getPendingOrders()
 2 SYSTEMPATH/CodeIgniter.php(941): App\Controllers\menuController->orders()
 3 SYSTEMPATH/CodeIgniter.php(502): CodeIgniter\CodeIgniter->runController()
 4 SYSTEMPATH/CodeIgniter.php(361): CodeIgniter\CodeIgniter->handleRequest()
 5 FCPATH/index.php(79): CodeIgniter\CodeIgniter->run()
CRITICAL - 2024-05-10 05:32:00 --> ErrorException: Undefined array key "id"
in APPPATH/Views/orders.php on line 83.
 1 APPPATH/Views/orders.php(83): CodeIgniter\Debug\Exceptions->errorHandler()
 2 SYSTEMPATH/View/View.php(228): include('/var/www/menu/app/Views/orders.php')
 3 SYSTEMPATH/View/View.php(231): CodeIgniter\View\View->CodeIgniter\View\{closure}()
 4 SYSTEMPATH/Common.php(1178): CodeIgniter\View\View->render()
 5 APPPATH/Controllers/menuController.php(344): view()
 6 SYSTEMPATH/CodeIgniter.php(941): App\Controllers\menuController->orders()
 7 SYSTEMPATH/CodeIgniter.php(502): CodeIgniter\CodeIgniter->runController()
 8 SYSTEMPATH/CodeIgniter.php(361): CodeIgniter\CodeIgniter->handleRequest()
 9 FCPATH/index.php(79): CodeIgniter\CodeIgniter->run()
CRITICAL - 2024-05-10 05:32:03 --> ErrorException: Undefined array key "id"
in APPPATH/Views/orders.php on line 83.
 1 APPPATH/Views/orders.php(83): CodeIgniter\Debug\Exceptions->errorHandler()
 2 SYSTEMPATH/View/View.php(228): include('/var/www/menu/app/Views/orders.php')
 3 SYSTEMPATH/View/View.php(231): CodeIgniter\View\View->CodeIgniter\View\{closure}()
 4 SYSTEMPATH/Common.php(1178): CodeIgniter\View\View->render()
 5 APPPATH/Controllers/menuController.php(344): view()
 6 SYSTEMPATH/CodeIgniter.php(941): App\Controllers\menuController->orders()
 7 SYSTEMPATH/CodeIgniter.php(502): CodeIgniter\CodeIgniter->runController()
 8 SYSTEMPATH/CodeIgniter.php(361): CodeIgniter\CodeIgniter->handleRequest()
 9 FCPATH/index.php(79): CodeIgniter\CodeIgniter->run()
CRITICAL - 2024-05-10 05:32:38 --> ErrorException: Undefined array key "item_name"
in APPPATH/Views/orders.php on line 86.
 1 APPPATH/Views/orders.php(86): CodeIgniter\Debug\Exceptions->errorHandler()
 2 SYSTEMPATH/View/View.php(228): include('/var/www/menu/app/Views/orders.php')
 3 SYSTEMPATH/View/View.php(231): CodeIgniter\View\View->CodeIgniter\View\{closure}()
 4 SYSTEMPATH/Common.php(1178): CodeIgniter\View\View->render()
 5 APPPATH/Controllers/menuController.php(344): view()
 6 SYSTEMPATH/CodeIgniter.php(941): App\Controllers\menuController->orders()
 7 SYSTEMPATH/CodeIgniter.php(502): CodeIgniter\CodeIgniter->runController()
 8 SYSTEMPATH/CodeIgniter.php(361): CodeIgniter\CodeIgniter->handleRequest()
 9 FCPATH/index.php(79): CodeIgniter\CodeIgniter->run()
CRITICAL - 2024-05-10 05:32:41 --> ErrorException: Undefined array key "item_name"
in APPPATH/Views/orders.php on line 86.
 1 APPPATH/Views/orders.php(86): CodeIgniter\Debug\Exceptions->errorHandler()
 2 SYSTEMPATH/View/View.php(228): include('/var/www/menu/app/Views/orders.php')
 3 SYSTEMPATH/View/View.php(231): CodeIgniter\View\View->CodeIgniter\View\{closure}()
 4 SYSTEMPATH/Common.php(1178): CodeIgniter\View\View->render()
 5 APPPATH/Controllers/menuController.php(344): view()
 6 SYSTEMPATH/CodeIgniter.php(941): App\Controllers\menuController->orders()
 7 SYSTEMPATH/CodeIgniter.php(502): CodeIgniter\CodeIgniter->runController()
 8 SYSTEMPATH/CodeIgniter.php(361): CodeIgniter\CodeIgniter->handleRequest()
 9 FCPATH/index.php(79): CodeIgniter\CodeIgniter->run()
CRITICAL - 2024-05-10 05:37:18 --> ErrorException: Undefined variable $table_number
in APPPATH/Views/orders.php on line 88.
 1 APPPATH/Views/orders.php(88): CodeIgniter\Debug\Exceptions->errorHandler()
 2 SYSTEMPATH/View/View.php(228): include('/var/www/menu/app/Views/orders.php')
 3 SYSTEMPATH/View/View.php(231): CodeIgniter\View\View->CodeIgniter\View\{closure}()
 4 SYSTEMPATH/Common.php(1178): CodeIgniter\View\View->render()
 5 APPPATH/Controllers/menuController.php(344): view()
 6 SYSTEMPATH/CodeIgniter.php(941): App\Controllers\menuController->orders()
 7 SYSTEMPATH/CodeIgniter.php(502): CodeIgniter\CodeIgniter->runController()
 8 SYSTEMPATH/CodeIgniter.php(361): CodeIgniter\CodeIgniter->handleRequest()
 9 FCPATH/index.php(79): CodeIgniter\CodeIgniter->run()
CRITICAL - 2024-05-10 05:39:02 --> Error: Call to a member function table() on array
in APPPATH/Views/orders.php on line 81.
 1 SYSTEMPATH/View/View.php(228): include()
 2 SYSTEMPATH/View/View.php(231): CodeIgniter\View\View->CodeIgniter\View\{closure}()
 3 SYSTEMPATH/Common.php(1178): CodeIgniter\View\View->render()
 4 APPPATH/Controllers/menuController.php(344): view()
 5 SYSTEMPATH/CodeIgniter.php(941): App\Controllers\menuController->orders()
 6 SYSTEMPATH/CodeIgniter.php(502): CodeIgniter\CodeIgniter->runController()
 7 SYSTEMPATH/CodeIgniter.php(361): CodeIgniter\CodeIgniter->handleRequest()
 8 FCPATH/index.php(79): CodeIgniter\CodeIgniter->run()
CRITICAL - 2024-05-10 05:39:04 --> Error: Call to a member function table() on array
in APPPATH/Views/orders.php on line 81.
 1 SYSTEMPATH/View/View.php(228): include()
 2 SYSTEMPATH/View/View.php(231): CodeIgniter\View\View->CodeIgniter\View\{closure}()
 3 SYSTEMPATH/Common.php(1178): CodeIgniter\View\View->render()
 4 APPPATH/Controllers/menuController.php(344): view()
 5 SYSTEMPATH/CodeIgniter.php(941): App\Controllers\menuController->orders()
 6 SYSTEMPATH/CodeIgniter.php(502): CodeIgniter\CodeIgniter->runController()
 7 SYSTEMPATH/CodeIgniter.php(361): CodeIgniter\CodeIgniter->handleRequest()
 8 FCPATH/index.php(79): CodeIgniter\CodeIgniter->run()
CRITICAL - 2024-05-10 05:47:18 --> ErrorException: Undefined array key "items"
in APPPATH/Views/orders.php on line 86.
 1 APPPATH/Views/orders.php(86): CodeIgniter\Debug\Exceptions->errorHandler()
 2 SYSTEMPATH/View/View.php(228): include('/var/www/menu/app/Views/orders.php')
 3 SYSTEMPATH/View/View.php(231): CodeIgniter\View\View->CodeIgniter\View\{closure}()
 4 SYSTEMPATH/Common.php(1178): CodeIgniter\View\View->render()
 5 APPPATH/Controllers/menuController.php(344): view()
 6 SYSTEMPATH/CodeIgniter.php(941): App\Controllers\menuController->orders()
 7 SYSTEMPATH/CodeIgniter.php(502): CodeIgniter\CodeIgniter->runController()
 8 SYSTEMPATH/CodeIgniter.php(361): CodeIgniter\CodeIgniter->handleRequest()
 9 FCPATH/index.php(79): CodeIgniter\CodeIgniter->run()
CRITICAL - 2024-05-10 05:48:16 --> ErrorException: Undefined variable $table_umber
in APPPATH/Views/orders.php on line 88.
 1 APPPATH/Views/orders.php(88): CodeIgniter\Debug\Exceptions->errorHandler()
 2 SYSTEMPATH/View/View.php(228): include('/var/www/menu/app/Views/orders.php')
 3 SYSTEMPATH/View/View.php(231): CodeIgniter\View\View->CodeIgniter\View\{closure}()
 4 SYSTEMPATH/Common.php(1178): CodeIgniter\View\View->render()
 5 APPPATH/Controllers/menuController.php(344): view()
 6 SYSTEMPATH/CodeIgniter.php(941): App\Controllers\menuController->orders()
 7 SYSTEMPATH/CodeIgniter.php(502): CodeIgniter\CodeIgniter->runController()
 8 SYSTEMPATH/CodeIgniter.php(361): CodeIgniter\CodeIgniter->handleRequest()
 9 FCPATH/index.php(79): CodeIgniter\CodeIgniter->run()
CRITICAL - 2024-05-10 05:48:18 --> ErrorException: Undefined variable $table_umber
in APPPATH/Views/orders.php on line 88.
 1 APPPATH/Views/orders.php(88): CodeIgniter\Debug\Exceptions->errorHandler()
 2 SYSTEMPATH/View/View.php(228): include('/var/www/menu/app/Views/orders.php')
 3 SYSTEMPATH/View/View.php(231): CodeIgniter\View\View->CodeIgniter\View\{closure}()
 4 SYSTEMPATH/Common.php(1178): CodeIgniter\View\View->render()
 5 APPPATH/Controllers/menuController.php(344): view()
 6 SYSTEMPATH/CodeIgniter.php(941): App\Controllers\menuController->orders()
 7 SYSTEMPATH/CodeIgniter.php(502): CodeIgniter\CodeIgniter->runController()
 8 SYSTEMPATH/CodeIgniter.php(361): CodeIgniter\CodeIgniter->handleRequest()
 9 FCPATH/index.php(79): CodeIgniter\CodeIgniter->run()
CRITICAL - 2024-05-10 05:48:31 --> ErrorException: Undefined variable $table_number
in APPPATH/Views/orders.php on line 88.
 1 APPPATH/Views/orders.php(88): CodeIgniter\Debug\Exceptions->errorHandler()
 2 SYSTEMPATH/View/View.php(228): include('/var/www/menu/app/Views/orders.php')
 3 SYSTEMPATH/View/View.php(231): CodeIgniter\View\View->CodeIgniter\View\{closure}()
 4 SYSTEMPATH/Common.php(1178): CodeIgniter\View\View->render()
 5 APPPATH/Controllers/menuController.php(344): view()
 6 SYSTEMPATH/CodeIgniter.php(941): App\Controllers\menuController->orders()
 7 SYSTEMPATH/CodeIgniter.php(502): CodeIgniter\CodeIgniter->runController()
 8 SYSTEMPATH/CodeIgniter.php(361): CodeIgniter\CodeIgniter->handleRequest()
 9 FCPATH/index.php(79): CodeIgniter\CodeIgniter->run()
ERROR - 2024-05-10 05:52:52 --> mysqli_sql_exception: Table 'menu.tables' doesn't exist in /var/www/menu/vendor/codeigniter4/framework/system/Database/MySQLi/Connection.php:306
Stack trace:
#0 /var/www/menu/vendor/codeigniter4/framework/system/Database/MySQLi/Connection.php(306): mysqli->query()
#1 /var/www/menu/vendor/codeigniter4/framework/system/Database/BaseConnection.php(693): CodeIgniter\Database\MySQLi\Connection->execute()
#2 /var/www/menu/vendor/codeigniter4/framework/system/Database/BaseConnection.php(607): CodeIgniter\Database\BaseConnection->simpleQuery()
#3 /var/www/menu/vendor/codeigniter4/framework/system/Database/BaseBuilder.php(1616): CodeIgniter\Database\BaseConnection->query()
#4 /var/www/menu/vendor/codeigniter4/framework/system/Model.php(242): CodeIgniter\Database\BaseBuilder->get()
#5 /var/www/menu/vendor/codeigniter4/framework/system/BaseModel.php(638): CodeIgniter\Model->doFindAll()
#6 /var/www/menu/app/Models/OrderModel.php(28): CodeIgniter\BaseModel->findAll()
#7 /var/www/menu/app/Controllers/menuController.php(343): App\Models\OrderModel->getPendingOrders()
#8 /var/www/menu/vendor/codeigniter4/framework/system/CodeIgniter.php(941): App\Controllers\menuController->orders()
#9 /var/www/menu/vendor/codeigniter4/framework/system/CodeIgniter.php(502): CodeIgniter\CodeIgniter->runController()
#10 /var/www/menu/vendor/codeigniter4/framework/system/CodeIgniter.php(361): CodeIgniter\CodeIgniter->handleRequest()
#11 /var/www/menu/public/index.php(79): CodeIgniter\CodeIgniter->run()
#12 {main}
CRITICAL - 2024-05-10 05:52:52 --> CodeIgniter\Database\Exceptions\DatabaseException: Table 'menu.tables' doesn't exist
in SYSTEMPATH/Database/BaseConnection.php on line 647.
 1 SYSTEMPATH/Database/BaseBuilder.php(1616): CodeIgniter\Database\BaseConnection->query()
 2 SYSTEMPATH/Model.php(242): CodeIgniter\Database\BaseBuilder->get()
 3 SYSTEMPATH/BaseModel.php(638): CodeIgniter\Model->doFindAll()
 4 APPPATH/Models/OrderModel.php(28): CodeIgniter\BaseModel->findAll()
 5 APPPATH/Controllers/menuController.php(343): App\Models\OrderModel->getPendingOrders()
 6 SYSTEMPATH/CodeIgniter.php(941): App\Controllers\menuController->orders()
 7 SYSTEMPATH/CodeIgniter.php(502): CodeIgniter\CodeIgniter->runController()
 8 SYSTEMPATH/CodeIgniter.php(361): CodeIgniter\CodeIgniter->handleRequest()
 9 FCPATH/index.php(79): CodeIgniter\CodeIgniter->run()
CRITICAL - 2024-05-10 05:52:52 --> [Caused by] CodeIgniter\Database\Exceptions\DatabaseException: Table 'menu.tables' doesn't exist
in SYSTEMPATH/Database/MySQLi/Connection.php on line 311.
 1 SYSTEMPATH/Database/BaseConnection.php(693): CodeIgniter\Database\MySQLi\Connection->execute()
 2 SYSTEMPATH/Database/BaseConnection.php(607): CodeIgniter\Database\BaseConnection->simpleQuery()
 3 SYSTEMPATH/Database/BaseBuilder.php(1616): CodeIgniter\Database\BaseConnection->query()
 4 SYSTEMPATH/Model.php(242): CodeIgniter\Database\BaseBuilder->get()
 5 SYSTEMPATH/BaseModel.php(638): CodeIgniter\Model->doFindAll()
 6 APPPATH/Models/OrderModel.php(28): CodeIgniter\BaseModel->findAll()
 7 APPPATH/Controllers/menuController.php(343): App\Models\OrderModel->getPendingOrders()
 8 SYSTEMPATH/CodeIgniter.php(941): App\Controllers\menuController->orders()
 9 SYSTEMPATH/CodeIgniter.php(502): CodeIgniter\CodeIgniter->runController()
10 SYSTEMPATH/CodeIgniter.php(361): CodeIgniter\CodeIgniter->handleRequest()
11 FCPATH/index.php(79): CodeIgniter\CodeIgniter->run()
CRITICAL - 2024-05-10 05:52:52 --> [Caused by] mysqli_sql_exception: Table 'menu.tables' doesn't exist
in SYSTEMPATH/Database/MySQLi/Connection.php on line 306.
 1 SYSTEMPATH/Database/MySQLi/Connection.php(306): mysqli->query()
 2 SYSTEMPATH/Database/BaseConnection.php(693): CodeIgniter\Database\MySQLi\Connection->execute()
 3 SYSTEMPATH/Database/BaseConnection.php(607): CodeIgniter\Database\BaseConnection->simpleQuery()
 4 SYSTEMPATH/Database/BaseBuilder.php(1616): CodeIgniter\Database\BaseConnection->query()
 5 SYSTEMPATH/Model.php(242): CodeIgniter\Database\BaseBuilder->get()
 6 SYSTEMPATH/BaseModel.php(638): CodeIgniter\Model->doFindAll()
 7 APPPATH/Models/OrderModel.php(28): CodeIgniter\BaseModel->findAll()
 8 APPPATH/Controllers/menuController.php(343): App\Models\OrderModel->getPendingOrders()
 9 SYSTEMPATH/CodeIgniter.php(941): App\Controllers\menuController->orders()
10 SYSTEMPATH/CodeIgniter.php(502): CodeIgniter\CodeIgniter->runController()
11 SYSTEMPATH/CodeIgniter.php(361): CodeIgniter\CodeIgniter->handleRequest()
12 FCPATH/index.php(79): CodeIgniter\CodeIgniter->run()
