CRITICAL - 2024-04-29 05:32:35 --> ErrorException: Undefined variable $qrCodeUrls
in APPPATH/Views/profile.php on line 119.
 1 APPPATH/Views/profile.php(119): CodeIgniter\Debug\Exceptions->errorHandler()
 2 SYSTEMPATH/View/View.php(228): include('/var/www/menu/app/Views/profile.php')
 3 SYSTEMPATH/View/View.php(231): CodeIgniter\View\View->CodeIgniter\View\{closure}()
 4 SYSTEMPATH/Common.php(1178): CodeIgniter\View\View->render()
 5 APPPATH/Controllers/menuController.php(179): view()
 6 SYSTEMPATH/CodeIgniter.php(941): App\Controllers\menuController->profile()
 7 SYSTEMPATH/CodeIgniter.php(502): CodeIgniter\CodeIgniter->runController()
 8 SYSTEMPATH/CodeIgniter.php(361): CodeIgniter\CodeIgniter->handleRequest()
 9 FCPATH/index.php(79): CodeIgniter\CodeIgniter->run()
CRITICAL - 2024-04-29 05:57:24 --> ErrorException: Cannot redeclare App\Controllers\menuController::generateQRCode()
in APPPATH/Controllers/menuController.php on line 347.
 1 [internal function]: CodeIgniter\Debug\Exceptions->shutdownHandler()
CRITICAL - 2024-04-29 05:57:25 --> ErrorException: Cannot redeclare App\Controllers\menuController::generateQRCode()
in APPPATH/Controllers/menuController.php on line 347.
 1 [internal function]: CodeIgniter\Debug\Exceptions->shutdownHandler()
CRITICAL - 2024-04-29 06:09:00 --> Error: Call to undefined method App\Controllers\menuController::updateTableNumbers()
in APPPATH/Controllers/menuController.php on line 205.
 1 SYSTEMPATH/CodeIgniter.php(941): App\Controllers\menuController->editProfile()
 2 SYSTEMPATH/CodeIgniter.php(502): CodeIgniter\CodeIgniter->runController()
 3 SYSTEMPATH/CodeIgniter.php(361): CodeIgniter\CodeIgniter->handleRequest()
 4 FCPATH/index.php(79): CodeIgniter\CodeIgniter->run()
CRITICAL - 2024-04-29 06:10:50 --> Error: Class "App\Controllers\Encoding" not found
in APPPATH/Controllers/menuController.php on line 345.
 1 SYSTEMPATH/CodeIgniter.php(941): App\Controllers\menuController->generateQRCode()
 2 SYSTEMPATH/CodeIgniter.php(502): CodeIgniter\CodeIgniter->runController()
 3 SYSTEMPATH/CodeIgniter.php(361): CodeIgniter\CodeIgniter->handleRequest()
 4 FCPATH/index.php(79): CodeIgniter\CodeIgniter->run()
CRITICAL - 2024-04-29 06:14:10 --> ParseError: syntax error, unexpected identifier "ppublic", expecting "function"
in APPPATH/Controllers/menuController.php on line 333.
 1 SYSTEMPATH/Autoloader/Autoloader.php(290): CodeIgniter\Autoloader\Autoloader->includeFile()
 2 SYSTEMPATH/Autoloader/Autoloader.php(266): CodeIgniter\Autoloader\Autoloader->loadInNamespace()
 3 [internal function]: CodeIgniter\Autoloader\Autoloader->loadClass()
 4 SYSTEMPATH/CodeIgniter.php(899): class_exists()
 5 SYSTEMPATH/CodeIgniter.php(489): CodeIgniter\CodeIgniter->startController()
 6 SYSTEMPATH/CodeIgniter.php(361): CodeIgniter\CodeIgniter->handleRequest()
 7 FCPATH/index.php(79): CodeIgniter\CodeIgniter->run()
CRITICAL - 2024-04-29 06:14:11 --> ParseError: syntax error, unexpected identifier "ppublic", expecting "function"
in APPPATH/Controllers/menuController.php on line 333.
 1 SYSTEMPATH/Autoloader/Autoloader.php(290): CodeIgniter\Autoloader\Autoloader->includeFile()
 2 SYSTEMPATH/Autoloader/Autoloader.php(266): CodeIgniter\Autoloader\Autoloader->loadInNamespace()
 3 [internal function]: CodeIgniter\Autoloader\Autoloader->loadClass()
 4 SYSTEMPATH/CodeIgniter.php(899): class_exists()
 5 SYSTEMPATH/CodeIgniter.php(489): CodeIgniter\CodeIgniter->startController()
 6 SYSTEMPATH/CodeIgniter.php(361): CodeIgniter\CodeIgniter->handleRequest()
 7 FCPATH/index.php(79): CodeIgniter\CodeIgniter->run()
CRITICAL - 2024-04-29 06:14:42 --> Error: Class "Endroid\QrCode\ErrorCorrectionLevel\ErrorCorrectionLevelHigh" not found
in APPPATH/Controllers/menuController.php on line 356.
 1 SYSTEMPATH/CodeIgniter.php(941): App\Controllers\menuController->generateQRCode()
 2 SYSTEMPATH/CodeIgniter.php(502): CodeIgniter\CodeIgniter->runController()
 3 SYSTEMPATH/CodeIgniter.php(361): CodeIgniter\CodeIgniter->handleRequest()
 4 FCPATH/index.php(79): CodeIgniter\CodeIgniter->run()
CRITICAL - 2024-04-29 06:16:16 --> Error: Class "Endroid\QrCode\ErrorCorrectionLevel\ErrorCorrectionLevel" not found
in APPPATH/Controllers/menuController.php on line 354.
 1 SYSTEMPATH/CodeIgniter.php(941): App\Controllers\menuController->generateQRCode()
 2 SYSTEMPATH/CodeIgniter.php(502): CodeIgniter\CodeIgniter->runController()
 3 SYSTEMPATH/CodeIgniter.php(361): CodeIgniter\CodeIgniter->handleRequest()
 4 FCPATH/index.php(79): CodeIgniter\CodeIgniter->run()
CRITICAL - 2024-04-29 06:18:35 --> Error: Call to undefined method Endroid\QrCode\QrCode::writeDataUri()
in APPPATH/Controllers/menuController.php on line 357.
 1 SYSTEMPATH/CodeIgniter.php(941): App\Controllers\menuController->generateQRCode()
 2 SYSTEMPATH/CodeIgniter.php(502): CodeIgniter\CodeIgniter->runController()
 3 SYSTEMPATH/CodeIgniter.php(361): CodeIgniter\CodeIgniter->handleRequest()
 4 FCPATH/index.php(79): CodeIgniter\CodeIgniter->run()
CRITICAL - 2024-04-29 06:19:20 --> Error: Call to undefined method Endroid\QrCode\QrCode::writeFile()
in APPPATH/Controllers/menuController.php on line 358.
 1 SYSTEMPATH/CodeIgniter.php(941): App\Controllers\menuController->generateQRCode()
 2 SYSTEMPATH/CodeIgniter.php(502): CodeIgniter\CodeIgniter->runController()
 3 SYSTEMPATH/CodeIgniter.php(361): CodeIgniter\CodeIgniter->handleRequest()
 4 FCPATH/index.php(79): CodeIgniter\CodeIgniter->run()
CRITICAL - 2024-04-29 06:20:42 --> Error: Call to undefined method Endroid\QrCode\QrCode::writeDataUri()
in APPPATH/Controllers/menuController.php on line 350.
 1 SYSTEMPATH/CodeIgniter.php(941): App\Controllers\menuController->generateQRCode()
 2 SYSTEMPATH/CodeIgniter.php(502): CodeIgniter\CodeIgniter->runController()
 3 SYSTEMPATH/CodeIgniter.php(361): CodeIgniter\CodeIgniter->handleRequest()
 4 FCPATH/index.php(79): CodeIgniter\CodeIgniter->run()
CRITICAL - 2024-04-29 06:20:44 --> Error: Call to undefined method Endroid\QrCode\QrCode::writeDataUri()
in APPPATH/Controllers/menuController.php on line 350.
 1 SYSTEMPATH/CodeIgniter.php(941): App\Controllers\menuController->generateQRCode()
 2 SYSTEMPATH/CodeIgniter.php(502): CodeIgniter\CodeIgniter->runController()
 3 SYSTEMPATH/CodeIgniter.php(361): CodeIgniter\CodeIgniter->handleRequest()
 4 FCPATH/index.php(79): CodeIgniter\CodeIgniter->run()
CRITICAL - 2024-04-29 06:21:43 --> Error: Call to undefined method Endroid\QrCode\QrCode::writeString()
in APPPATH/Controllers/menuController.php on line 350.
 1 SYSTEMPATH/CodeIgniter.php(941): App\Controllers\menuController->generateQRCode()
 2 SYSTEMPATH/CodeIgniter.php(502): CodeIgniter\CodeIgniter->runController()
 3 SYSTEMPATH/CodeIgniter.php(361): CodeIgniter\CodeIgniter->handleRequest()
 4 FCPATH/index.php(79): CodeIgniter\CodeIgniter->run()
CRITICAL - 2024-04-29 06:23:13 --> Error: Call to undefined method Endroid\QrCode\QrCode::writeString()
in APPPATH/Controllers/menuController.php on line 348.
 1 SYSTEMPATH/CodeIgniter.php(941): App\Controllers\menuController->generateQRCode()
 2 SYSTEMPATH/CodeIgniter.php(502): CodeIgniter\CodeIgniter->runController()
 3 SYSTEMPATH/CodeIgniter.php(361): CodeIgniter\CodeIgniter->handleRequest()
 4 FCPATH/index.php(79): CodeIgniter\CodeIgniter->run()
CRITICAL - 2024-04-29 06:25:12 --> Error: Call to undefined method Endroid\QrCode\QrCode::writeDataUri()
in APPPATH/Controllers/menuController.php on line 355.
 1 SYSTEMPATH/CodeIgniter.php(941): App\Controllers\menuController->generateQRCode()
 2 SYSTEMPATH/CodeIgniter.php(502): CodeIgniter\CodeIgniter->runController()
 3 SYSTEMPATH/CodeIgniter.php(361): CodeIgniter\CodeIgniter->handleRequest()
 4 FCPATH/index.php(79): CodeIgniter\CodeIgniter->run()
CRITICAL - 2024-04-29 06:26:28 --> Error: Call to undefined method Endroid\QrCode\QrCode::getDataUri()
in APPPATH/Controllers/menuController.php on line 355.
 1 SYSTEMPATH/CodeIgniter.php(941): App\Controllers\menuController->generateQRCode()
 2 SYSTEMPATH/CodeIgniter.php(502): CodeIgniter\CodeIgniter->runController()
 3 SYSTEMPATH/CodeIgniter.php(361): CodeIgniter\CodeIgniter->handleRequest()
 4 FCPATH/index.php(79): CodeIgniter\CodeIgniter->run()
CRITICAL - 2024-04-29 06:26:29 --> Error: Call to undefined method Endroid\QrCode\QrCode::getDataUri()
in APPPATH/Controllers/menuController.php on line 355.
 1 SYSTEMPATH/CodeIgniter.php(941): App\Controllers\menuController->generateQRCode()
 2 SYSTEMPATH/CodeIgniter.php(502): CodeIgniter\CodeIgniter->runController()
 3 SYSTEMPATH/CodeIgniter.php(361): CodeIgniter\CodeIgniter->handleRequest()
 4 FCPATH/index.php(79): CodeIgniter\CodeIgniter->run()
CRITICAL - 2024-04-29 06:29:48 --> Error: Call to undefined method Endroid\QrCode\QrCode::getDataUri()
in APPPATH/Controllers/menuController.php on line 360.
 1 SYSTEMPATH/CodeIgniter.php(941): App\Controllers\menuController->generateQRCode()
 2 SYSTEMPATH/CodeIgniter.php(502): CodeIgniter\CodeIgniter->runController()
 3 SYSTEMPATH/CodeIgniter.php(361): CodeIgniter\CodeIgniter->handleRequest()
 4 FCPATH/index.php(79): CodeIgniter\CodeIgniter->run()
CRITICAL - 2024-04-29 06:30:40 --> Error: Call to undefined method Endroid\QrCode\QrCode::getDataUri()
in APPPATH/Controllers/menuController.php on line 360.
 1 SYSTEMPATH/CodeIgniter.php(941): App\Controllers\menuController->generateQRCode()
 2 SYSTEMPATH/CodeIgniter.php(502): CodeIgniter\CodeIgniter->runController()
 3 SYSTEMPATH/CodeIgniter.php(361): CodeIgniter\CodeIgniter->handleRequest()
 4 FCPATH/index.php(79): CodeIgniter\CodeIgniter->run()
CRITICAL - 2024-04-29 06:31:16 --> Error: Call to undefined method Endroid\QrCode\QrCode::getDataUri()
in APPPATH/Controllers/menuController.php on line 360.
 1 SYSTEMPATH/CodeIgniter.php(941): App\Controllers\menuController->generateQRCode()
 2 SYSTEMPATH/CodeIgniter.php(502): CodeIgniter\CodeIgniter->runController()
 3 SYSTEMPATH/CodeIgniter.php(361): CodeIgniter\CodeIgniter->handleRequest()
 4 FCPATH/index.php(79): CodeIgniter\CodeIgniter->run()
CRITICAL - 2024-04-29 06:34:51 --> Error: Call to undefined method Endroid\QrCode\QrCode::writeFile()
in APPPATH/Controllers/menuController.php on line 360.
 1 SYSTEMPATH/CodeIgniter.php(941): App\Controllers\menuController->generateQRCode()
 2 SYSTEMPATH/CodeIgniter.php(502): CodeIgniter\CodeIgniter->runController()
 3 SYSTEMPATH/CodeIgniter.php(361): CodeIgniter\CodeIgniter->handleRequest()
 4 FCPATH/index.php(79): CodeIgniter\CodeIgniter->run()
CRITICAL - 2024-04-29 06:36:55 --> Error: Call to undefined method Endroid\QrCode\QrCode::getDataUri()
in APPPATH/Controllers/menuController.php on line 359.
 1 SYSTEMPATH/CodeIgniter.php(941): App\Controllers\menuController->generateQRCode()
 2 SYSTEMPATH/CodeIgniter.php(502): CodeIgniter\CodeIgniter->runController()
 3 SYSTEMPATH/CodeIgniter.php(361): CodeIgniter\CodeIgniter->handleRequest()
 4 FCPATH/index.php(79): CodeIgniter\CodeIgniter->run()
CRITICAL - 2024-04-29 06:40:02 --> Error: Call to undefined method Endroid\QrCode\QrCode::getDataUri()
in APPPATH/Controllers/menuController.php on line 359.
 1 SYSTEMPATH/CodeIgniter.php(941): App\Controllers\menuController->generateQRCode()
 2 SYSTEMPATH/CodeIgniter.php(502): CodeIgniter\CodeIgniter->runController()
 3 SYSTEMPATH/CodeIgniter.php(361): CodeIgniter\CodeIgniter->handleRequest()
 4 FCPATH/index.php(79): CodeIgniter\CodeIgniter->run()
CRITICAL - 2024-04-29 06:59:37 --> ErrorException: Allowed memory size of 134217728 bytes exhausted (tried to allocate 20480 bytes)
in SYSTEMPATH/Database/BaseConnection.php on line 889.
 1 [internal function]: CodeIgniter\Debug\Exceptions->shutdownHandler()
CRITICAL - 2024-04-29 07:06:00 --> ErrorException: Allowed memory size of 134217728 bytes exhausted (tried to allocate 20480 bytes)
in SYSTEMPATH/Database/BaseConnection.php on line 889.
 1 [internal function]: CodeIgniter\Debug\Exceptions->shutdownHandler()
CRITICAL - 2024-04-29 07:06:21 --> ErrorException: Allowed memory size of 134217728 bytes exhausted (tried to allocate 20480 bytes)
in SYSTEMPATH/Database/BaseConnection.php on line 889.
 1 [internal function]: CodeIgniter\Debug\Exceptions->shutdownHandler()
CRITICAL - 2024-04-29 07:07:52 --> ErrorException: Allowed memory size of 134217728 bytes exhausted (tried to allocate 16384 bytes)
in SYSTEMPATH/Database/MySQLi/Connection.php on line 306.
 1 [internal function]: CodeIgniter\Debug\Exceptions->shutdownHandler()
